<?xml version="1.0" encoding="UTF-8"?>
<!-- Generated by org.testng.reporters.JUnitReportReporter -->
<testsuite skipped="4" hostname="ABDUS" name="demo.DifferentCrossBrowser" tests="4" failures="0" timestamp="26 Apr 2019 01:18:24 GMT" time="0.000" errors="0">
  <testcase name="openBrowser" time="0.000" classname="demo.DifferentCrossBrowser">
    <skipped/>
  </testcase> <!-- openBrowser -->
  <testcase name="openBrowser" time="0.000" classname="demo.DifferentCrossBrowser">
    <skipped/>
  </testcase> <!-- openBrowser -->
  <testcase name="openBrowser" time="0.000" classname="demo.DifferentCrossBrowser">
    <skipped/>
  </testcase> <!-- openBrowser -->
  <testcase name="openBrowser" time="0.000" classname="demo.DifferentCrossBrowser">
    <skipped/>
  </testcase> <!-- openBrowser -->
</testsuite> <!-- demo.DifferentCrossBrowser -->
