<?xml version="1.0" encoding="UTF-8"?>
<!-- Generated by org.testng.reporters.JUnitReportReporter -->
<testsuite skipped="4" hostname="ABDUS" name="demo.MultipleValidationLinkdn" tests="4" failures="0" timestamp="26 Apr 2019 01:18:24 GMT" time="0.000" errors="0">
  <testcase name="verifySigninBtnVisibility" time="0.000" classname="demo.MultipleValidationLinkdn">
    <skipped/>
  </testcase> <!-- verifySigninBtnVisibility -->
  <testcase name="verifySigninBtnVisibility" time="0.000" classname="demo.MultipleValidationLinkdn">
    <skipped/>
  </testcase> <!-- verifySigninBtnVisibility -->
  <testcase name="verifySigninBtnVisibility" time="0.000" classname="demo.MultipleValidationLinkdn">
    <skipped/>
  </testcase> <!-- verifySigninBtnVisibility -->
  <testcase name="verifySigninBtnVisibility" time="0.000" classname="demo.MultipleValidationLinkdn">
    <skipped/>
  </testcase> <!-- verifySigninBtnVisibility -->
</testsuite> <!-- demo.MultipleValidationLinkdn -->
